make all --print-data-base --no-builtin-variables --no-builtin-rules --question
# GNU Make 4.2.1
# Built for x86_64-pc-linux-gnu
# Copyright (C) 1988-2016 Free Software Foundation, Inc.
# License GPLv3+: GNU GPL version 3 or later <http://gnu.org/licenses/gpl.html>
# This is free software: you are free to change and redistribute it.
# There is NO WARRANTY, to the extent permitted by law.

# Make data base, printed on Wed Jun 15 12:30:15 2022

# Variables

# automatic
<D = $(patsubst %/,%,$(dir $<))
# automatic
?F = $(notdir $?)
# makefile (from 'Makefile', line 11)
VALGRIND_FLAGS = -v --leak-check=full --show-leak-kinds=all  --error-exitcode=99
# environment
WSLENV = VSCODE_WSL_EXT_LOCATION/up:VSCODE_SERVER_TAR/up
# default
.SHELLFLAGS := -c
# environment
VSCODE_LOG_NATIVE = false
# automatic
?D = $(patsubst %/,%,$(dir $?))
# automatic
@D = $(patsubst %/,%,$(dir $@))
# automatic
@F = $(notdir $@)
# makefile
CURDIR := /mnt/c/Users/Leead/Desktop/CPP-Projects/CPP-Ex6
# makefile
SHELL = /bin/sh
# environment
VSCODE_NLS_CONFIG = {"locale":"en","availableLanguages":{}}
# environment
_ = /usr/bin/sh
# makefile (from 'Makefile', line 1)
MAKEFILE_LIST :=  Makefile
# 'override' directive
GNUMAKEFLAGS := 
# makefile (from 'Makefile', line 13)
SOURCES = $(wildcard $(SOURCE_PATH)/*.cpp)
# makefile (from 'Makefile', line 9)
CXXFLAGS = -std=$(CXXVERSION) -Werror -Wsign-conversion -I$(SOURCE_PATH)
# environment
VSCODE_VERBOSE_LOGGING = true
# environment
VSCODE_CWD = /mnt/c/Users/Leead/AppData/Local/Programs/Microsoft VS Code
# default
MAKE_HOST := x86_64-pc-linux-gnu
# environment
PATH = /home/leeadj/.vscode-server/bin/4af164ea3a06f701fe3e89a2bcbb421d2026b68f/bin/remote-cli:/usr/local/sbin:/usr/local/bin:/usr/sbin:/usr/bin:/sbin:/bin:/usr/games:/usr/local/games:/mnt/c/Program Files/Common Files/Oracle/Java/javapath:/mnt/c/Program Files (x86)/Common Files/Oracle/Java/javapath:/mnt/c/Program Files (x86)/Intel/iCLS Client/:/mnt/c/Program Files/Intel/iCLS Client/:/mnt/c/WINDOWS/system32:/mnt/c/WINDOWS:/mnt/c/WINDOWS/System32/Wbem:/mnt/c/WINDOWS/System32/WindowsPowerShell/v1.0/:/mnt/c/Program Files (x86)/Intel/Intel(R) Management Engine Components/DAL:/mnt/c/Program Files/Intel/Intel(R) Management Engine Components/DAL:/mnt/c/Program Files (x86)/Intel/Intel(R) Management Engine Components/IPT:/mnt/c/Program Files/Intel/Intel(R) Management Engine Components/IPT:/mnt/c/WINDOWS/System32/OpenSSH/:/mnt/c/Program Files/Intel/WiFi/bin/:/mnt/c/Program Files/Common Files/Intel/WirelessCommon/:/mnt/c/Program Files/Microsoft SQL Server/130/Tools/Binn/:/mnt/c/Program Files/Git/cmd:/mnt/c/Program Files/Java/jdk-17.0.1/bin:/mnt/c/MinGW/mingw32/bin:/mnt/c/msys64/mingw64/bin:/mnt/c/Users/Leead/New folder:/mnt/c/Users/Leead/New folder/Library/mingw-w64/bin:/mnt/c/Users/Leead/New folder/Library/usr/bin:/mnt/c/Users/Leead/New folder/Library/bin:/mnt/c/Users/Leead/New folder/Scripts:/mnt/c/Users/Leead/AppData/Local/Microsoft/WindowsApps:/mnt/c/Users/Leead/AppData/Local/Programs/Microsoft VS Code/bin:/mnt/c/Users/Leead/AppData/Local/Programs/Fiddler:/mnt/c/Users/Leead/AppData/Local/Packages/PythonSoftwareFoundation.Python.3.9_qbz5n2kfra8p0/LocalCache/local-packages/Python39/Scripts
# environment
VSCODE_LOG_STACK = false
# environment
VSCODE_IPC_HOOK_CLI = /tmp/vscode-ipc-50fcd9a9-6cd5-434a-a57f-d77e39d366f2.sock
# environment
VSCODE_SERVER_TAR = /mnt/c/Users/Leead/AppData/Local/Temp/vscode-remote-wsl/4af164ea3a06f701fe3e89a2bcbb421d2026b68f/vscode-server-stable-linux-x64.tar.gz
# default
.FEATURES := target-specific order-only second-expansion else-if shortest-stem undefine oneshell archives jobserver output-sync check-symlink load
# automatic
%F = $(notdir $%)
# environment
VSCODE_PIPE_LOGGING = true
# makefile (from 'Makefile', line 6)
CXXVERSION = c++2a
# environment
PWD = /mnt/c/Users/Leead/Desktop/CPP-Projects/CPP-Ex6
# default
.LOADED := 
# environment
VSCODE_AMD_ENTRYPOINT = vs/workbench/api/node/extensionHostProcess
# environment
HOME = /home/leeadj
# environment
LOGNAME = leeadj
# environment
APPLICATION_INSIGHTS_NO_DIAGNOSTIC_CHANNEL = true
# makefile (from 'Makefile', line 14)
HEADERS = $(wildcard $(SOURCE_PATH)/*.hpp)
# environment
VSCODE_HANDLES_UNCAUGHT_ERRORS = true
# automatic
^D = $(patsubst %/,%,$(dir $^))
# makefile (from 'Makefile', line 8)
OBJECT_PATH = objects
# environment
MAKELEVEL := 0
# default
MAKE = $(MAKE_COMMAND)
# default
MAKECMDGOALS := all
# environment
SHLVL = 0
# default
MAKE_VERSION := 4.2.1
# environment
USER = leeadj
# makefile
.DEFAULT_GOAL := run
# environment
NAME = DESKTOP-PARKFDV
# automatic
%D = $(patsubst %/,%,$(dir $%))
# environment
VSCODE_WSL_EXT_LOCATION = /mnt/c/Users/Leead/.vscode/extensions/ms-vscode-remote.remote-wsl-0.66.3
# default
MAKE_COMMAND := make
# default
.VARIABLES := 
# automatic
*F = $(notdir $*)
# makefile
MAKEFLAGS = pqrR
# environment
MFLAGS = -pqrR
# automatic
*D = $(patsubst %/,%,$(dir $*))
# automatic
+D = $(patsubst %/,%,$(dir $+))
# automatic
+F = $(notdir $+)
# environment
VSCODE_HANDLES_SIGPIPE = true
# default
MAKEFILES := 
# automatic
<F = $(notdir $<)
# makefile (from 'Makefile', line 5)
CXX = clang++-9
# environment
LC_ALL = C
# makefile (from 'Makefile', line 7)
SOURCE_PATH = sources
# environment
HOSTTYPE = x86_64
# automatic
^F = $(notdir $^)
# default
SUFFIXES := 
# default
.INCLUDE_DIRS = /usr/include /usr/local/include /usr/include
# default
.RECIPEPREFIX := 
# makefile (from 'Makefile', line 15)
OBJECTS = $(subst sources/,objects/,$(subst .cpp,.o,$(SOURCES)))
# environment
LANG = C
# environment
TERM = xterm-256color
# environment
VSCODE_EXTHOST_WILL_SEND_SOCKET = true
# environment
WSL_DISTRO_NAME = Ubuntu-20.04
# makefile (from 'Makefile', line 10)
TIDY_FLAGS = -extra-arg=-std=$(CXXVERSION) -checks=bugprone-*,clang-analyzer-*,cppcoreguidelines-*,performance-*,portability-*,readability-*,-cppcoreguidelines-pro-bounds-pointer-arithmetic,-cppcoreguidelines-owning-memory --warnings-as-errors=*
# variable set hash-table stats:
# Load=73/1024=7%, Rehash=0, Collisions=4/107=4%

# Pattern-specific Variable Values

# No pattern-specific variable values.

# Directories

# . (device 14, inode 46724846134004306): 8 files, no impossibilities.
# sources (device 14, inode 23362423067021459): 12 files, no impossibilities.

# 20 files, no impossibilities in 2 directories.

# Implicit Rules

%.o: %.cpp sources/Game.hpp sources/Team.hpp sources/Schedule.hpp sources/League.hpp
#  recipe to execute (from 'Makefile', line 23):
	$(CXX) $(CXXFLAGS) --compile $< -o $@

objects/%.o: sources/%.cpp sources/Game.hpp sources/Team.hpp sources/Schedule.hpp sources/League.hpp
#  recipe to execute (from 'Makefile', line 26):
	$(CXX) $(CXXFLAGS) --compile $< -o $@

# 2 implicit rules, 0 (0.0%) terminal.

# Files

# Not a target:
all:
#  Command line target.
#  Implicit rule search has been done.
#  File does not exist.
#  File has not been updated.

# Not a target:
objects/Schedule.o:
#  Implicit rule search has not been done.
#  Modification time never checked.
#  File has not been updated.

# Not a target:
Makefile:
#  Implicit rule search has been done.
#  Last modified 2022-05-24 17:35:28
#  File has been updated.
#  Successfully updated.

test: objects/League.o objects/Game.o objects/Team.o objects/Main.o objects/Schedule.o
#  Implicit rule search has not been done.
#  Modification time never checked.
#  File has not been updated.
#  recipe to execute (from 'Makefile', line 20):
	$(CXX) $(CXXFLAGS) $^ -o $@

# Not a target:
objects/Game.o:
#  Implicit rule search has not been done.
#  Modification time never checked.
#  File has not been updated.

# Not a target:
.DEFAULT:
#  Implicit rule search has not been done.
#  Modification time never checked.
#  File has not been updated.

# Not a target:
objects/Team.o:
#  Implicit rule search has not been done.
#  Modification time never checked.
#  File has not been updated.

# Not a target:
objects/League.o:
#  Implicit rule search has not been done.
#  Modification time never checked.
#  File has not been updated.

run: test
#  Implicit rule search has not been done.
#  Modification time never checked.
#  File has not been updated.

clean:
#  Implicit rule search has not been done.
#  Modification time never checked.
#  File has not been updated.
#  recipe to execute (from 'Makefile', line 36):
	rm -f $(OBJECTS) *.o test* 
	rm -f StudentTest*.cpp

# Not a target:
objects/Main.o:
#  Implicit rule search has not been done.
#  Modification time never checked.
#  File has not been updated.

tidy:
#  Implicit rule search has not been done.
#  Modification time never checked.
#  File has not been updated.
#  recipe to execute (from 'Makefile', line 30):
	clang-tidy $(SOURCES) $(HEADERS) $(TIDY_FLAGS) --

valgrind: test
#  Implicit rule search has not been done.
#  Modification time never checked.
#  File has not been updated.
#  recipe to execute (from 'Makefile', line 33):
	valgrind --tool=memcheck $(VALGRIND_FLAGS) ./test 2>&1 | { egrep "lost| at " || true; }

# files hash-table stats:
# Load=14/1024=1%, Rehash=0, Collisions=0/32=0%
# VPATH Search Paths

# No 'vpath' search paths.

# No general ('VPATH' variable) search path.

# strcache buffers: 1 (0) / strings = 41 / storage = 427 B / avg = 10 B
# current buf: size = 8162 B / used = 427 B / count = 41 / avg = 10 B

# strcache performance: lookups = 59 / hit rate = 30%
# hash-table stats:
# Load=41/8192=1%, Rehash=0, Collisions=2/59=3%
# Finished Make data base on Wed Jun 15 12:30:15 2022

 
make: *** No rule to make target 'all'.  Stop.

